<?xml version="1.0" encoding="UTF-8"?>
<testng-results skipped="0" failed="0" ignored="0" total="1" passed="1">
  <reporter-output>
  </reporter-output>
  <suite name="Default suite" duration-ms="466220" started-at="2019-01-08T13:16:22Z" finished-at="2019-01-08T13:24:08Z">
    <groups>
    </groups>
    <test name="Default test" duration-ms="466220" started-at="2019-01-08T13:16:22Z" finished-at="2019-01-08T13:24:08Z">
      <class name="testCases.Test_Case_JourneyLab">
        <test-method status="PASS" signature="initialize()[pri:0, instance:testCases.Test_Case_JourneyLab@ae45eb6]" name="initialize" is-config="true" duration-ms="6216" started-at="2019-01-08T13:16:22Z" finished-at="2019-01-08T13:16:28Z">
          <reporter-output>
          </reporter-output>
        </test-method> <!-- initialize -->
        <test-method status="PASS" signature="journeyLabTest()[pri:0, instance:testCases.Test_Case_JourneyLab@ae45eb6]" name="journeyLabTest" duration-ms="459876" started-at="2019-01-08T13:16:28Z" finished-at="2019-01-08T13:24:08Z">
          <reporter-output>
          </reporter-output>
        </test-method> <!-- journeyLabTest -->
      </class> <!-- testCases.Test_Case_JourneyLab -->
    </test> <!-- Default test -->
  </suite> <!-- Default suite -->
</testng-results>
